<?xml version="1.0" encoding="UTF-8"?>
<coverage generated="1736955319279" clover="3.2.0">
  <project timestamp="1736955319279" name="All files">
    <metrics statements="116" coveredstatements="114" conditionals="29" coveredconditionals="27" methods="12" coveredmethods="12" elements="157" coveredelements="153" complexity="0" loc="116" ncloc="116" packages="1" files="2" classes="2"/>
    <file name="game-runner.ts" path="/Users/hugop/Library/CloudStorage/OneDrive-Efrei/S9/Software Testing/workshops/kata-ugly-trivia-hedgehog/ts/game-runner.ts">
      <metrics statements="14" coveredstatements="14" conditionals="2" coveredconditionals="2" methods="2" coveredmethods="2"/>
      <line num="1" count="1" type="stmt"/>
      <line num="3" count="1" type="stmt"/>
      <line num="4" count="52" type="stmt"/>
      <line num="7" count="1" type="stmt"/>
      <line num="9" count="2" type="stmt"/>
      <line num="10" count="2" type="stmt"/>
      <line num="11" count="2" type="stmt"/>
      <line num="12" count="2" type="stmt"/>
      <line num="15" count="2" type="stmt"/>
      <line num="16" count="44" type="stmt"/>
      <line num="18" count="44" type="cond" truecount="2" falsecount="0"/>
      <line num="19" count="5" type="stmt"/>
      <line num="21" count="39" type="stmt"/>
      <line num="27" count="1" type="stmt"/>
    </file>
    <file name="game.ts" path="/Users/hugop/Library/CloudStorage/OneDrive-Efrei/S9/Software Testing/workshops/kata-ugly-trivia-hedgehog/ts/game.ts">
      <metrics statements="102" coveredstatements="100" conditionals="27" coveredconditionals="25" methods="10" coveredmethods="10"/>
      <line num="1" count="1" type="stmt"/>
      <line num="3" count="2" type="stmt"/>
      <line num="4" count="2" type="stmt"/>
      <line num="5" count="2" type="stmt"/>
      <line num="6" count="2" type="stmt"/>
      <line num="7" count="2" type="stmt"/>
      <line num="8" count="2" type="stmt"/>
      <line num="10" count="2" type="stmt"/>
      <line num="11" count="2" type="stmt"/>
      <line num="12" count="2" type="stmt"/>
      <line num="13" count="2" type="stmt"/>
      <line num="17" count="2" type="stmt"/>
      <line num="18" count="100" type="stmt"/>
      <line num="19" count="100" type="stmt"/>
      <line num="20" count="100" type="stmt"/>
      <line num="21" count="100" type="stmt"/>
      <line num="26" count="100" type="stmt"/>
      <line num="30" count="6" type="stmt"/>
      <line num="31" count="6" type="stmt"/>
      <line num="32" count="6" type="stmt"/>
      <line num="33" count="6" type="stmt"/>
      <line num="35" count="6" type="stmt"/>
      <line num="36" count="6" type="stmt"/>
      <line num="38" count="6" type="stmt"/>
      <line num="42" count="18" type="stmt"/>
      <line num="46" count="44" type="stmt"/>
      <line num="47" count="44" type="stmt"/>
      <line num="49" count="44" type="cond" truecount="2" falsecount="0"/>
      <line num="50" count="16" type="cond" truecount="2" falsecount="0"/>
      <line num="51" count="11" type="stmt"/>
      <line num="53" count="11" type="stmt"/>
      <line num="54" count="11" type="stmt"/>
      <line num="55" count="11" type="cond" truecount="1" falsecount="0"/>
      <line num="56" count="3" type="stmt"/>
      <line num="59" count="11" type="stmt"/>
      <line num="60" count="11" type="stmt"/>
      <line num="61" count="11" type="stmt"/>
      <line num="63" count="5" type="stmt"/>
      <line num="64" count="5" type="stmt"/>
      <line num="68" count="28" type="stmt"/>
      <line num="69" count="28" type="cond" truecount="1" falsecount="0"/>
      <line num="70" count="2" type="stmt"/>
      <line num="73" count="28" type="stmt"/>
      <line num="74" count="28" type="stmt"/>
      <line num="75" count="28" type="stmt"/>
      <line num="80" count="39" type="cond" truecount="1" falsecount="0"/>
      <line num="81" count="5" type="stmt"/>
      <line num="82" count="39" type="cond" truecount="1" falsecount="0"/>
      <line num="83" count="4" type="stmt"/>
      <line num="84" count="39" type="cond" truecount="1" falsecount="0"/>
      <line num="85" count="9" type="stmt"/>
      <line num="86" count="39" type="cond" truecount="1" falsecount="0"/>
      <line num="87" count="21" type="stmt"/>
      <line num="91" count="195" type="cond" truecount="1" falsecount="0"/>
      <line num="92" count="5" type="stmt"/>
      <line num="93" count="190" type="cond" truecount="1" falsecount="0"/>
      <line num="94" count="20" type="stmt"/>
      <line num="95" count="170" type="cond" truecount="0" falsecount="1"/>
      <line num="96" count="0" type="stmt"/>
      <line num="97" count="170" type="cond" truecount="0" falsecount="1"/>
      <line num="98" count="0" type="stmt"/>
      <line num="99" count="170" type="cond" truecount="1" falsecount="0"/>
      <line num="100" count="10" type="stmt"/>
      <line num="101" count="160" type="cond" truecount="1" falsecount="0"/>
      <line num="102" count="10" type="stmt"/>
      <line num="103" count="150" type="cond" truecount="1" falsecount="0"/>
      <line num="104" count="10" type="stmt"/>
      <line num="105" count="140" type="cond" truecount="1" falsecount="0"/>
      <line num="106" count="30" type="stmt"/>
      <line num="107" count="110" type="cond" truecount="1" falsecount="0"/>
      <line num="108" count="5" type="stmt"/>
      <line num="109" count="105" type="stmt"/>
      <line num="113" count="35" type="stmt"/>
      <line num="117" count="5" type="stmt"/>
      <line num="118" count="5" type="stmt"/>
      <line num="119" count="5" type="stmt"/>
      <line num="121" count="5" type="stmt"/>
      <line num="122" count="5" type="cond" truecount="1" falsecount="0"/>
      <line num="123" count="2" type="stmt"/>
      <line num="124" count="5" type="stmt"/>
      <line num="128" count="39" type="cond" truecount="2" falsecount="0"/>
      <line num="129" count="14" type="cond" truecount="2" falsecount="0"/>
      <line num="130" count="10" type="stmt"/>
      <line num="131" count="10" type="stmt"/>
      <line num="132" count="10" type="stmt"/>
      <line num="135" count="10" type="stmt"/>
      <line num="136" count="10" type="stmt"/>
      <line num="137" count="10" type="cond" truecount="1" falsecount="0"/>
      <line num="138" count="4" type="stmt"/>
      <line num="140" count="10" type="stmt"/>
      <line num="142" count="4" type="stmt"/>
      <line num="143" count="4" type="cond" truecount="1" falsecount="0"/>
      <line num="144" count="1" type="stmt"/>
      <line num="145" count="4" type="stmt"/>
      <line num="151" count="25" type="stmt"/>
      <line num="153" count="25" type="stmt"/>
      <line num="154" count="25" type="stmt"/>
      <line num="157" count="25" type="stmt"/>
      <line num="159" count="25" type="stmt"/>
      <line num="160" count="25" type="cond" truecount="1" falsecount="0"/>
      <line num="161" count="7" type="stmt"/>
      <line num="163" count="25" type="stmt"/>
    </file>
  </project>
</coverage>
