{"/Users/hugop/Library/CloudStorage/OneDrive-Efrei/S9/Software Testing/workshops/kata-ugly-trivia-hedgehog/ts/game-runner.ts": {"path":"/Users/hugop/Library/CloudStorage/OneDrive-Efrei/S9/Software Testing/workshops/kata-ugly-trivia-hedgehog/ts/game-runner.ts","statementMap":{"0":{"start":{"line":1,"column":0},"end":{"line":1,"column":30}},"1":{"start":{"line":4,"column":2},"end":{"line":4,"column":23}},"2":{"start":{"line":3,"column":0},"end":{"line":3,"column":16}},"3":{"start":{"line":9,"column":17},"end":{"line":9,"column":27}},"4":{"start":{"line":10,"column":4},"end":{"line":10,"column":21}},"5":{"start":{"line":11,"column":4},"end":{"line":11,"column":20}},"6":{"start":{"line":12,"column":4},"end":{"line":12,"column":20}},"7":{"start":{"line":15,"column":4},"end":{"line":23,"column":25}},"8":{"start":{"line":16,"column":6},"end":{"line":16,"column":46}},"9":{"start":{"line":18,"column":6},"end":{"line":22,"column":null}},"10":{"start":{"line":19,"column":8},"end":{"line":19,"column":40}},"11":{"start":{"line":21,"column":8},"end":{"line":21,"column":49}},"12":{"start":{"line":7,"column":0},"end":{"line":7,"column":13}},"13":{"start":{"line":27,"column":0},"end":{"line":27,"column":24}}},"fnMap":{"0":{"name":"random","decl":{"start":{"line":3,"column":16},"end":{"line":3,"column":22}},"loc":{"start":{"line":3,"column":22},"end":{"line":5,"column":1}}},"1":{"name":"(anonymous_1)","decl":{"start":{"line":8,"column":9},"end":{"line":8,"column":15}},"loc":{"start":{"line":8,"column":43},"end":{"line":24,"column":3}}}},"branchMap":{"0":{"loc":{"start":{"line":18,"column":6},"end":{"line":22,"column":null}},"type":"if","locations":[{"start":{"line":18,"column":6},"end":{"line":22,"column":null}},{"start":{"line":20,"column":13},"end":{"line":22,"column":null}}]}},"s":{"0":1,"1":52,"2":1,"3":2,"4":2,"5":2,"6":2,"7":2,"8":44,"9":44,"10":5,"11":39,"12":1,"13":1},"f":{"0":52,"1":2},"b":{"0":[5,39]}}
,"/Users/hugop/Library/CloudStorage/OneDrive-Efrei/S9/Software Testing/workshops/kata-ugly-trivia-hedgehog/ts/game.ts": {"path":"/Users/hugop/Library/CloudStorage/OneDrive-Efrei/S9/Software Testing/workshops/kata-ugly-trivia-hedgehog/ts/game.ts","statementMap":{"0":{"start":{"line":3,"column":12},"end":{"line":3,"column":40}},"1":{"start":{"line":4,"column":12},"end":{"line":4,"column":39}},"2":{"start":{"line":5,"column":12},"end":{"line":5,"column":39}},"3":{"start":{"line":6,"column":12},"end":{"line":6,"column":46}},"4":{"start":{"line":7,"column":12},"end":{"line":7,"column":38}},"5":{"start":{"line":8,"column":12},"end":{"line":8,"column":54}},"6":{"start":{"line":10,"column":12},"end":{"line":10,"column":45}},"7":{"start":{"line":11,"column":12},"end":{"line":11,"column":49}},"8":{"start":{"line":12,"column":12},"end":{"line":12,"column":48}},"9":{"start":{"line":13,"column":12},"end":{"line":13,"column":46}},"10":{"start":{"line":17,"column":8},"end":{"line":22,"column":null}},"11":{"start":{"line":17,"column":21},"end":{"line":17,"column":22}},"12":{"start":{"line":18,"column":12},"end":{"line":18,"column":56}},"13":{"start":{"line":19,"column":12},"end":{"line":19,"column":64}},"14":{"start":{"line":20,"column":12},"end":{"line":20,"column":62}},"15":{"start":{"line":21,"column":12},"end":{"line":21,"column":64}},"16":{"start":{"line":26,"column":8},"end":{"line":26,"column":40}},"17":{"start":{"line":30,"column":8},"end":{"line":30,"column":32}},"18":{"start":{"line":31,"column":8},"end":{"line":31,"column":47}},"19":{"start":{"line":32,"column":8},"end":{"line":32,"column":47}},"20":{"start":{"line":33,"column":8},"end":{"line":33,"column":57}},"21":{"start":{"line":35,"column":8},"end":{"line":35,"column":41}},"22":{"start":{"line":36,"column":8},"end":{"line":36,"column":69}},"23":{"start":{"line":38,"column":8},"end":{"line":38,"column":20}},"24":{"start":{"line":42,"column":8},"end":{"line":42,"column":35}},"25":{"start":{"line":46,"column":8},"end":{"line":46,"column":81}},"26":{"start":{"line":47,"column":8},"end":{"line":47,"column":50}},"27":{"start":{"line":49,"column":8},"end":{"line":76,"column":null}},"28":{"start":{"line":50,"column":10},"end":{"line":65,"column":null}},"29":{"start":{"line":51,"column":12},"end":{"line":51,"column":49}},"30":{"start":{"line":53,"column":12},"end":{"line":53,"column":97}},"31":{"start":{"line":54,"column":12},"end":{"line":54,"column":85}},"32":{"start":{"line":55,"column":12},"end":{"line":57,"column":null}},"33":{"start":{"line":56,"column":14},"end":{"line":56,"column":85}},"34":{"start":{"line":59,"column":12},"end":{"line":59,"column":116}},"35":{"start":{"line":60,"column":12},"end":{"line":60,"column":69}},"36":{"start":{"line":61,"column":12},"end":{"line":61,"column":31}},"37":{"start":{"line":63,"column":12},"end":{"line":63,"column":101}},"38":{"start":{"line":64,"column":12},"end":{"line":64,"column":50}},"39":{"start":{"line":68,"column":10},"end":{"line":68,"column":83}},"40":{"start":{"line":69,"column":10},"end":{"line":71,"column":null}},"41":{"start":{"line":70,"column":12},"end":{"line":70,"column":83}},"42":{"start":{"line":73,"column":10},"end":{"line":73,"column":114}},"43":{"start":{"line":74,"column":10},"end":{"line":74,"column":67}},"44":{"start":{"line":75,"column":10},"end":{"line":75,"column":29}},"45":{"start":{"line":80,"column":8},"end":{"line":81,"column":51}},"46":{"start":{"line":81,"column":12},"end":{"line":81,"column":51}},"47":{"start":{"line":82,"column":8},"end":{"line":83,"column":55}},"48":{"start":{"line":83,"column":12},"end":{"line":83,"column":55}},"49":{"start":{"line":84,"column":8},"end":{"line":85,"column":54}},"50":{"start":{"line":85,"column":12},"end":{"line":85,"column":54}},"51":{"start":{"line":86,"column":8},"end":{"line":87,"column":52}},"52":{"start":{"line":87,"column":12},"end":{"line":87,"column":52}},"53":{"start":{"line":91,"column":8},"end":{"line":92,"column":25}},"54":{"start":{"line":92,"column":12},"end":{"line":92,"column":25}},"55":{"start":{"line":93,"column":8},"end":{"line":94,"column":25}},"56":{"start":{"line":94,"column":12},"end":{"line":94,"column":25}},"57":{"start":{"line":95,"column":8},"end":{"line":96,"column":25}},"58":{"start":{"line":96,"column":12},"end":{"line":96,"column":25}},"59":{"start":{"line":97,"column":8},"end":{"line":98,"column":29}},"60":{"start":{"line":98,"column":12},"end":{"line":98,"column":29}},"61":{"start":{"line":99,"column":8},"end":{"line":100,"column":29}},"62":{"start":{"line":100,"column":12},"end":{"line":100,"column":29}},"63":{"start":{"line":101,"column":8},"end":{"line":102,"column":29}},"64":{"start":{"line":102,"column":12},"end":{"line":102,"column":29}},"65":{"start":{"line":103,"column":8},"end":{"line":104,"column":28}},"66":{"start":{"line":104,"column":12},"end":{"line":104,"column":28}},"67":{"start":{"line":105,"column":8},"end":{"line":106,"column":28}},"68":{"start":{"line":106,"column":12},"end":{"line":106,"column":28}},"69":{"start":{"line":107,"column":8},"end":{"line":108,"column":28}},"70":{"start":{"line":108,"column":12},"end":{"line":108,"column":28}},"71":{"start":{"line":109,"column":8},"end":{"line":109,"column":22}},"72":{"start":{"line":113,"column":8},"end":{"line":113,"column":null}},"73":{"start":{"line":117,"column":8},"end":{"line":117,"column":57}},"74":{"start":{"line":118,"column":8},"end":{"line":118,"column":87}},"75":{"start":{"line":119,"column":8},"end":{"line":119,"column":53}},"76":{"start":{"line":121,"column":8},"end":{"line":121,"column":32}},"77":{"start":{"line":122,"column":8},"end":{"line":123,"column":35}},"78":{"start":{"line":123,"column":12},"end":{"line":123,"column":35}},"79":{"start":{"line":124,"column":8},"end":{"line":124,"column":20}},"80":{"start":{"line":128,"column":8},"end":{"line":164,"column":null}},"81":{"start":{"line":129,"column":12},"end":{"line":146,"column":null}},"82":{"start":{"line":130,"column":14},"end":{"line":130,"column":52}},"83":{"start":{"line":131,"column":14},"end":{"line":131,"column":51}},"84":{"start":{"line":132,"column":14},"end":{"line":133,"column":64}},"85":{"start":{"line":135,"column":27},"end":{"line":135,"column":46}},"86":{"start":{"line":136,"column":14},"end":{"line":136,"column":38}},"87":{"start":{"line":137,"column":14},"end":{"line":138,"column":39}},"88":{"start":{"line":138,"column":16},"end":{"line":138,"column":39}},"89":{"start":{"line":140,"column":14},"end":{"line":140,"column":28}},"90":{"start":{"line":142,"column":14},"end":{"line":142,"column":38}},"91":{"start":{"line":143,"column":14},"end":{"line":144,"column":39}},"92":{"start":{"line":144,"column":16},"end":{"line":144,"column":39}},"93":{"start":{"line":145,"column":14},"end":{"line":145,"column":26}},"94":{"start":{"line":151,"column":12},"end":{"line":151,"column":50}},"95":{"start":{"line":153,"column":12},"end":{"line":153,"column":49}},"96":{"start":{"line":154,"column":12},"end":{"line":155,"column":66}},"97":{"start":{"line":157,"column":25},"end":{"line":157,"column":44}},"98":{"start":{"line":159,"column":12},"end":{"line":159,"column":36}},"99":{"start":{"line":160,"column":12},"end":{"line":161,"column":39}},"100":{"start":{"line":161,"column":16},"end":{"line":161,"column":39}},"101":{"start":{"line":163,"column":12},"end":{"line":163,"column":26}},"102":{"start":{"line":1,"column":0},"end":{"line":1,"column":13}}},"fnMap":{"0":{"name":"(anonymous_0)","decl":{"start":{"line":15,"column":4},"end":{"line":15,"column":null}},"loc":{"start":{"line":15,"column":4},"end":{"line":23,"column":5}}},"1":{"name":"(anonymous_1)","decl":{"start":{"line":25,"column":12},"end":{"line":25,"column":30}},"loc":{"start":{"line":25,"column":44},"end":{"line":27,"column":5}}},"2":{"name":"(anonymous_2)","decl":{"start":{"line":29,"column":11},"end":{"line":29,"column":14}},"loc":{"start":{"line":29,"column":27},"end":{"line":39,"column":5}}},"3":{"name":"(anonymous_3)","decl":{"start":{"line":41,"column":12},"end":{"line":41,"column":26}},"loc":{"start":{"line":41,"column":26},"end":{"line":43,"column":5}}},"4":{"name":"(anonymous_4)","decl":{"start":{"line":45,"column":11},"end":{"line":45,"column":15}},"loc":{"start":{"line":45,"column":28},"end":{"line":77,"column":5}}},"5":{"name":"(anonymous_5)","decl":{"start":{"line":79,"column":12},"end":{"line":79,"column":23}},"loc":{"start":{"line":79,"column":23},"end":{"line":88,"column":5}}},"6":{"name":"(anonymous_6)","decl":{"start":{"line":90,"column":12},"end":{"line":90,"column":27}},"loc":{"start":{"line":90,"column":27},"end":{"line":110,"column":5}}},"7":{"name":"(anonymous_7)","decl":{"start":{"line":112,"column":12},"end":{"line":112,"column":24}},"loc":{"start":{"line":112,"column":24},"end":{"line":114,"column":5}}},"8":{"name":"(anonymous_8)","decl":{"start":{"line":116,"column":11},"end":{"line":116,"column":22}},"loc":{"start":{"line":116,"column":22},"end":{"line":125,"column":5}}},"9":{"name":"(anonymous_9)","decl":{"start":{"line":127,"column":11},"end":{"line":127,"column":31}},"loc":{"start":{"line":127,"column":31},"end":{"line":165,"column":5}}}},"branchMap":{"0":{"loc":{"start":{"line":49,"column":8},"end":{"line":76,"column":null}},"type":"if","locations":[{"start":{"line":49,"column":8},"end":{"line":76,"column":null}},{"start":{"line":66,"column":15},"end":{"line":76,"column":null}}]},"1":{"loc":{"start":{"line":50,"column":10},"end":{"line":65,"column":null}},"type":"if","locations":[{"start":{"line":50,"column":10},"end":{"line":65,"column":null}},{"start":{"line":62,"column":17},"end":{"line":65,"column":null}}]},"2":{"loc":{"start":{"line":55,"column":12},"end":{"line":57,"column":null}},"type":"if","locations":[{"start":{"line":55,"column":12},"end":{"line":57,"column":null}}]},"3":{"loc":{"start":{"line":69,"column":10},"end":{"line":71,"column":null}},"type":"if","locations":[{"start":{"line":69,"column":10},"end":{"line":71,"column":null}}]},"4":{"loc":{"start":{"line":80,"column":8},"end":{"line":81,"column":51}},"type":"if","locations":[{"start":{"line":80,"column":8},"end":{"line":81,"column":51}}]},"5":{"loc":{"start":{"line":82,"column":8},"end":{"line":83,"column":55}},"type":"if","locations":[{"start":{"line":82,"column":8},"end":{"line":83,"column":55}}]},"6":{"loc":{"start":{"line":84,"column":8},"end":{"line":85,"column":54}},"type":"if","locations":[{"start":{"line":84,"column":8},"end":{"line":85,"column":54}}]},"7":{"loc":{"start":{"line":86,"column":8},"end":{"line":87,"column":52}},"type":"if","locations":[{"start":{"line":86,"column":8},"end":{"line":87,"column":52}}]},"8":{"loc":{"start":{"line":91,"column":8},"end":{"line":92,"column":25}},"type":"if","locations":[{"start":{"line":91,"column":8},"end":{"line":92,"column":25}}]},"9":{"loc":{"start":{"line":93,"column":8},"end":{"line":94,"column":25}},"type":"if","locations":[{"start":{"line":93,"column":8},"end":{"line":94,"column":25}}]},"10":{"loc":{"start":{"line":95,"column":8},"end":{"line":96,"column":25}},"type":"if","locations":[{"start":{"line":95,"column":8},"end":{"line":96,"column":25}}]},"11":{"loc":{"start":{"line":97,"column":8},"end":{"line":98,"column":29}},"type":"if","locations":[{"start":{"line":97,"column":8},"end":{"line":98,"column":29}}]},"12":{"loc":{"start":{"line":99,"column":8},"end":{"line":100,"column":29}},"type":"if","locations":[{"start":{"line":99,"column":8},"end":{"line":100,"column":29}}]},"13":{"loc":{"start":{"line":101,"column":8},"end":{"line":102,"column":29}},"type":"if","locations":[{"start":{"line":101,"column":8},"end":{"line":102,"column":29}}]},"14":{"loc":{"start":{"line":103,"column":8},"end":{"line":104,"column":28}},"type":"if","locations":[{"start":{"line":103,"column":8},"end":{"line":104,"column":28}}]},"15":{"loc":{"start":{"line":105,"column":8},"end":{"line":106,"column":28}},"type":"if","locations":[{"start":{"line":105,"column":8},"end":{"line":106,"column":28}}]},"16":{"loc":{"start":{"line":107,"column":8},"end":{"line":108,"column":28}},"type":"if","locations":[{"start":{"line":107,"column":8},"end":{"line":108,"column":28}}]},"17":{"loc":{"start":{"line":122,"column":8},"end":{"line":123,"column":35}},"type":"if","locations":[{"start":{"line":122,"column":8},"end":{"line":123,"column":35}}]},"18":{"loc":{"start":{"line":128,"column":8},"end":{"line":164,"column":null}},"type":"if","locations":[{"start":{"line":128,"column":8},"end":{"line":164,"column":null}},{"start":{"line":149,"column":17},"end":{"line":164,"column":null}}]},"19":{"loc":{"start":{"line":129,"column":12},"end":{"line":146,"column":null}},"type":"if","locations":[{"start":{"line":129,"column":12},"end":{"line":146,"column":null}},{"start":{"line":141,"column":19},"end":{"line":146,"column":null}}]},"20":{"loc":{"start":{"line":137,"column":14},"end":{"line":138,"column":39}},"type":"if","locations":[{"start":{"line":137,"column":14},"end":{"line":138,"column":39}}]},"21":{"loc":{"start":{"line":143,"column":14},"end":{"line":144,"column":39}},"type":"if","locations":[{"start":{"line":143,"column":14},"end":{"line":144,"column":39}}]},"22":{"loc":{"start":{"line":160,"column":12},"end":{"line":161,"column":39}},"type":"if","locations":[{"start":{"line":160,"column":12},"end":{"line":161,"column":39}}]}},"s":{"0":2,"1":2,"2":2,"3":2,"4":2,"5":2,"6":2,"7":2,"8":2,"9":2,"10":2,"11":2,"12":100,"13":100,"14":100,"15":100,"16":100,"17":6,"18":6,"19":6,"20":6,"21":6,"22":6,"23":6,"24":18,"25":44,"26":44,"27":44,"28":16,"29":11,"30":11,"31":11,"32":11,"33":3,"34":11,"35":11,"36":11,"37":5,"38":5,"39":28,"40":28,"41":2,"42":28,"43":28,"44":28,"45":39,"46":5,"47":39,"48":4,"49":39,"50":9,"51":39,"52":21,"53":195,"54":5,"55":190,"56":20,"57":170,"58":0,"59":170,"60":0,"61":170,"62":10,"63":160,"64":10,"65":150,"66":10,"67":140,"68":30,"69":110,"70":5,"71":105,"72":35,"73":5,"74":5,"75":5,"76":5,"77":5,"78":2,"79":5,"80":39,"81":14,"82":10,"83":10,"84":10,"85":10,"86":10,"87":10,"88":4,"89":10,"90":4,"91":4,"92":1,"93":4,"94":25,"95":25,"96":25,"97":25,"98":25,"99":25,"100":7,"101":25,"102":1},"f":{"0":2,"1":100,"2":6,"3":18,"4":44,"5":39,"6":195,"7":35,"8":5,"9":39},"b":{"0":[16,28],"1":[11,5],"2":[3],"3":[2],"4":[5],"5":[4],"6":[9],"7":[21],"8":[5],"9":[20],"10":[0],"11":[0],"12":[10],"13":[10],"14":[10],"15":[30],"16":[5],"17":[2],"18":[14,25],"19":[10,4],"20":[4],"21":[1],"22":[7]}}
}
