TN:
SF:game-runner.ts
FN:3,random
FN:8,(anonymous_1)
FNF:2
FNH:2
FNDA:52,random
FNDA:2,(anonymous_1)
DA:1,1
DA:3,1
DA:4,52
DA:7,1
DA:9,2
DA:10,2
DA:11,2
DA:12,2
DA:15,2
DA:16,44
DA:18,44
DA:19,5
DA:21,39
DA:27,1
LF:14
LH:14
BRDA:18,0,0,5
BRDA:18,0,1,39
BRF:2
BRH:2
end_of_record
TN:
SF:game.ts
FN:15,(anonymous_0)
FN:25,(anonymous_1)
FN:29,(anonymous_2)
FN:41,(anonymous_3)
FN:45,(anonymous_4)
FN:79,(anonymous_5)
FN:90,(anonymous_6)
FN:112,(anonymous_7)
FN:116,(anonymous_8)
FN:127,(anonymous_9)
FNF:10
FNH:10
FNDA:2,(anonymous_0)
FNDA:100,(anonymous_1)
FNDA:6,(anonymous_2)
FNDA:18,(anonymous_3)
FNDA:44,(anonymous_4)
FNDA:39,(anonymous_5)
FNDA:195,(anonymous_6)
FNDA:35,(anonymous_7)
FNDA:5,(anonymous_8)
FNDA:39,(anonymous_9)
DA:1,1
DA:3,2
DA:4,2
DA:5,2
DA:6,2
DA:7,2
DA:8,2
DA:10,2
DA:11,2
DA:12,2
DA:13,2
DA:17,2
DA:18,100
DA:19,100
DA:20,100
DA:21,100
DA:26,100
DA:30,6
DA:31,6
DA:32,6
DA:33,6
DA:35,6
DA:36,6
DA:38,6
DA:42,18
DA:46,44
DA:47,44
DA:49,44
DA:50,16
DA:51,11
DA:53,11
DA:54,11
DA:55,11
DA:56,3
DA:59,11
DA:60,11
DA:61,11
DA:63,5
DA:64,5
DA:68,28
DA:69,28
DA:70,2
DA:73,28
DA:74,28
DA:75,28
DA:80,39
DA:81,5
DA:82,39
DA:83,4
DA:84,39
DA:85,9
DA:86,39
DA:87,21
DA:91,195
DA:92,5
DA:93,190
DA:94,20
DA:95,170
DA:96,0
DA:97,170
DA:98,0
DA:99,170
DA:100,10
DA:101,160
DA:102,10
DA:103,150
DA:104,10
DA:105,140
DA:106,30
DA:107,110
DA:108,5
DA:109,105
DA:113,35
DA:117,5
DA:118,5
DA:119,5
DA:121,5
DA:122,5
DA:123,2
DA:124,5
DA:128,39
DA:129,14
DA:130,10
DA:131,10
DA:132,10
DA:135,10
DA:136,10
DA:137,10
DA:138,4
DA:140,10
DA:142,4
DA:143,4
DA:144,1
DA:145,4
DA:151,25
DA:153,25
DA:154,25
DA:157,25
DA:159,25
DA:160,25
DA:161,7
DA:163,25
LF:102
LH:100
BRDA:49,0,0,16
BRDA:49,0,1,28
BRDA:50,1,0,11
BRDA:50,1,1,5
BRDA:55,2,0,3
BRDA:69,3,0,2
BRDA:80,4,0,5
BRDA:82,5,0,4
BRDA:84,6,0,9
BRDA:86,7,0,21
BRDA:91,8,0,5
BRDA:93,9,0,20
BRDA:95,10,0,0
BRDA:97,11,0,0
BRDA:99,12,0,10
BRDA:101,13,0,10
BRDA:103,14,0,10
BRDA:105,15,0,30
BRDA:107,16,0,5
BRDA:122,17,0,2
BRDA:128,18,0,14
BRDA:128,18,1,25
BRDA:129,19,0,10
BRDA:129,19,1,4
BRDA:137,20,0,4
BRDA:143,21,0,1
BRDA:160,22,0,7
BRF:27
BRH:25
end_of_record
